2019-01-23 15:28:02.013 INFO [restartedMain]net.xdclass.demo.XdclassApplication.logStarting:50 -Starting XdclassApplication on DESKTOP-NEP9BK9 with PID 44708 (started by liguofen in E:\BaiduNetdiskDownload\笔记\SpringBoot资料\SpringBoot资料\第7章\第三课（课时30）\xdclass_springboot)
2019-01-23 15:28:02.014 INFO [restartedMain]net.xdclass.demo.XdclassApplication.logStartupProfileInfo:663 -The following profiles are active: test
2019-01-23 15:28:02.075 INFO [restartedMain]o.s.b.w.s.c.AnnotationConfigServletWebServerApplicationContext.prepareRefresh:590 -Refreshing org.springframework.boot.web.servlet.context.AnnotationConfigServletWebServerApplicationContext@68290cf6: startup date [Wed Jan 23 15:28:02 CST 2019]; root of context hierarchy
2019-01-23 15:28:03.139 INFO [restartedMain]o.s.d.repository.config.RepositoryConfigurationDelegate.multipleStoresDetected:163 -Multiple Spring Data modules found, entering strict repository configuration mode!
2019-01-23 15:28:03.177 INFO [restartedMain]o.s.d.repository.config.RepositoryConfigurationDelegate.multipleStoresDetected:163 -Multiple Spring Data modules found, entering strict repository configuration mode!
2019-01-23 15:28:04.239 INFO [restartedMain]o.s.boot.web.embedded.tomcat.TomcatWebServer.initialize:91 -Tomcat initialized with port(s): 8080 (http)
2019-01-23 15:28:04.261 INFO [restartedMain]org.apache.coyote.http11.Http11NioProtocol.log:180 -Initializing ProtocolHandler ["http-nio-8080"]
2019-01-23 15:28:04.283 INFO [restartedMain]org.apache.catalina.core.StandardService.log:180 -Starting service [Tomcat]
2019-01-23 15:28:04.284 INFO [restartedMain]org.apache.catalina.core.StandardEngine.log:180 -Starting Servlet Engine: Apache Tomcat/8.5.29
2019-01-23 15:28:04.299 INFO [localhost-startStop-1]org.apache.catalina.core.AprLifecycleListener.log:180 -The APR based Apache Tomcat Native library which allows optimal performance in production environments was not found on the java.library.path: [C:\Program Files\Java\jdk1.8.0\bin;C:\WINDOWS\Sun\Java\bin;C:\WINDOWS\system32;C:\WINDOWS;C:/Program Files/Java/jdk1.8.0/bin/../jre/bin/server;C:/Program Files/Java/jdk1.8.0/bin/../jre/bin;C:/Program Files/Java/jdk1.8.0/bin/../jre/lib/amd64;C:\Program Files (x86)\Intel\iCLS Client\;C:\Program Files\Intel\iCLS Client\;C:\Windows\system32;C:\Windows;C:\Windows\System32\Wbem;C:\Windows\System32\WindowsPowerShell\v1.0\;C:\Program Files (x86)\NVIDIA Corporation\PhysX\Common;C:\Program Files (x86)\Intel\Intel(R) Management Engine Components\DAL;C:\Program Files\Intel\Intel(R) Management Engine Components\DAL;C:\Program Files (x86)\Intel\Intel(R) Management Engine Components\IPT;C:\Program Files\Intel\Intel(R) Management Engine Components\IPT;C:\Program Files\Intel\WiFi\bin\;C:\Program Files\Common Files\Intel\WirelessCommon\;C:\Program Files\Java\jdk1.8.0\bin\;C:\WINDOWS\system32;C:\WINDOWS;C:\WINDOWS\System32\Wbem;C:\WINDOWS\System32\WindowsPowerShell\v1.0\;D:\instantclient_10_2;C:\Program Files\TortoiseSVN\bin;C:\Program Files\Git\cmd;C:\WINDOWS\System32\OpenSSH\;C:\Go\bin;C:\Users\liguofen\AppData\Local\Microsoft\WindowsApps;;C:\Program Files (x86)\SSH Communications Security\SSH Secure Shell;C:\Program Files\Docker Toolbox;D:\eclipse\eclipse;;.]
2019-01-23 15:28:04.486 INFO [localhost-startStop-1]o.a.catalina.core.ContainerBase.[Tomcat].[localhost].[/].log:180 -Initializing Spring embedded WebApplicationContext
2019-01-23 15:28:04.487 INFO [localhost-startStop-1]org.springframework.web.context.ContextLoader.prepareWebApplicationContext:285 -Root WebApplicationContext: initialization completed in 2413 ms
2019-01-23 15:28:04.724 INFO [localhost-startStop-1]o.s.boot.web.servlet.ServletRegistrationBean.addRegistration:185 -Servlet dispatcherServlet mapped to [/]
2019-01-23 15:28:04.725 INFO [localhost-startStop-1]o.s.boot.web.servlet.ServletRegistrationBean.addRegistration:185 -Servlet userServlet mapped to [/v1/api/test/customs]
2019-01-23 15:28:04.736 INFO [localhost-startStop-1]o.s.boot.web.servlet.FilterRegistrationBean.configure:244 -Mapping filter: 'characterEncodingFilter' to: [/*]
2019-01-23 15:28:04.737 INFO [localhost-startStop-1]o.s.boot.web.servlet.FilterRegistrationBean.configure:244 -Mapping filter: 'hiddenHttpMethodFilter' to: [/*]
2019-01-23 15:28:04.738 INFO [localhost-startStop-1]o.s.boot.web.servlet.FilterRegistrationBean.configure:244 -Mapping filter: 'httpPutFormContentFilter' to: [/*]
2019-01-23 15:28:04.738 INFO [localhost-startStop-1]o.s.boot.web.servlet.FilterRegistrationBean.configure:244 -Mapping filter: 'requestContextFilter' to: [/*]
2019-01-23 15:28:10.780 INFO [restartedMain]o.s.web.servlet.handler.SimpleUrlHandlerMapping.registerHandler:373 -Mapped URL path [/**/favicon.ico] onto handler of type [class org.springframework.web.servlet.resource.ResourceHttpRequestHandler]
2019-01-23 15:28:11.169 INFO [restartedMain]o.s.w.s.m.method.annotation.RequestMappingHandlerAdapter.initControllerAdviceCache:574 -Looking for @ControllerAdvice: org.springframework.boot.web.servlet.context.AnnotationConfigServletWebServerApplicationContext@68290cf6: startup date [Wed Jan 23 15:28:02 CST 2019]; root of context hierarchy
2019-01-23 15:28:11.243 INFO [restartedMain]o.s.w.s.m.method.annotation.RequestMappingHandlerMapping.register:547 -Mapped "{[/api/v1/order],methods=[GET]}" onto public java.lang.Object net.xdclass.demo.activemq.controller.OrderController.order(java.lang.String,java.lang.String) throws org.apache.rocketmq.client.exception.MQClientException,org.apache.rocketmq.remoting.exception.RemotingException,org.apache.rocketmq.client.exception.MQBrokerException,java.lang.InterruptedException,java.io.UnsupportedEncodingException
2019-01-23 15:28:11.244 INFO [restartedMain]o.s.w.s.m.method.annotation.RequestMappingHandlerMapping.register:547 -Mapped "{[/api/v1/test_ext]}" onto public java.lang.Object net.xdclass.demo.controller.ExcptionController.index()
2019-01-23 15:28:11.244 INFO [restartedMain]o.s.w.s.m.method.annotation.RequestMappingHandlerMapping.register:547 -Mapped "{[/api/v1/myext]}" onto public java.lang.Object net.xdclass.demo.controller.ExcptionController.myexc()
2019-01-23 15:28:11.245 INFO [restartedMain]o.s.w.s.m.method.annotation.RequestMappingHandlerMapping.register:547 -Mapped "{[/api/v1/gopage]}" onto public java.lang.Object net.xdclass.demo.controller.FileController.index()
2019-01-23 15:28:11.245 INFO [restartedMain]o.s.w.s.m.method.annotation.RequestMappingHandlerMapping.register:547 -Mapped "{[/upload]}" onto public net.xdclass.demo.domain.JsonData net.xdclass.demo.controller.FileController.upload(org.springframework.web.multipart.MultipartFile,javax.servlet.http.HttpServletRequest)
2019-01-23 15:28:11.246 INFO [restartedMain]o.s.w.s.m.method.annotation.RequestMappingHandlerMapping.register:547 -Mapped "{[/freemaker/hello],methods=[GET]}" onto public java.lang.String net.xdclass.demo.controller.FreemakerController.index(org.springframework.ui.ModelMap)
2019-01-23 15:28:11.248 INFO [restartedMain]o.s.w.s.m.method.annotation.RequestMappingHandlerMapping.register:547 -Mapped "{[/v1/get_header],methods=[GET]}" onto public java.lang.Object net.xdclass.demo.controller.GetController.getHeader(java.lang.String,java.lang.String)
2019-01-23 15:28:11.248 INFO [restartedMain]o.s.w.s.m.method.annotation.RequestMappingHandlerMapping.register:547 -Mapped "{[/v1/page_user1],methods=[GET]}" onto public java.lang.Object net.xdclass.demo.controller.GetController.pageUser(int,int)
2019-01-23 15:28:11.248 INFO [restartedMain]o.s.w.s.m.method.annotation.RequestMappingHandlerMapping.register:547 -Mapped "{[/api/v1/test_properties],methods=[GET]}" onto public java.lang.Object net.xdclass.demo.controller.GetController.testPeroperties()
2019-01-23 15:28:11.249 INFO [restartedMain]o.s.w.s.m.method.annotation.RequestMappingHandlerMapping.register:547 -Mapped "{[/v1/test_request],methods=[GET]}" onto public java.lang.Object net.xdclass.demo.controller.GetController.testRequest(javax.servlet.http.HttpServletRequest)
2019-01-23 15:28:11.249 INFO [restartedMain]o.s.w.s.m.method.annotation.RequestMappingHandlerMapping.register:547 -Mapped "{[/v1/page_user2],methods=[GET]}" onto public java.lang.Object net.xdclass.demo.controller.GetController.pageUserV2(int,int)
2019-01-23 15:28:11.249 INFO [restartedMain]o.s.w.s.m.method.annotation.RequestMappingHandlerMapping.register:547 -Mapped "{[/v1/save_user]}" onto public java.lang.Object net.xdclass.demo.controller.GetController.saveUser(net.xdclass.demo.domain.User)
2019-01-23 15:28:11.250 INFO [restartedMain]o.s.w.s.m.method.annotation.RequestMappingHandlerMapping.register:547 -Mapped "{[/api/v1/account],methods=[GET]}" onto public java.lang.Object net.xdclass.demo.controller.GetController.account()
2019-01-23 15:28:11.254 INFO [restartedMain]o.s.w.s.m.method.annotation.RequestMappingHandlerMapping.register:547 -Mapped "{[/v1/login],methods=[PUT]}" onto public java.lang.Object net.xdclass.demo.controller.OtherHttpController.put(java.lang.String)
2019-01-23 15:28:11.255 INFO [restartedMain]o.s.w.s.m.method.annotation.RequestMappingHandlerMapping.register:547 -Mapped "{[/v1/login],methods=[POST]}" onto public java.lang.Object net.xdclass.demo.controller.OtherHttpController.login(java.lang.String,java.lang.String)
2019-01-23 15:28:11.255 INFO [restartedMain]o.s.w.s.m.method.annotation.RequestMappingHandlerMapping.register:547 -Mapped "{[/v1/login],methods=[DELETE]}" onto public java.lang.Object net.xdclass.demo.controller.OtherHttpController.del(java.lang.String)
2019-01-23 15:28:11.256 INFO [restartedMain]o.s.w.s.m.method.annotation.RequestMappingHandlerMapping.register:547 -Mapped "{[/test]}" onto public java.util.Map<java.lang.String, java.lang.String> net.xdclass.demo.controller.SampleController.testMap()
2019-01-23 15:28:11.256 INFO [restartedMain]o.s.w.s.m.method.annotation.RequestMappingHandlerMapping.register:547 -Mapped "{[/testjson],methods=[GET]}" onto public java.lang.Object net.xdclass.demo.controller.SampleController.testjson()
2019-01-23 15:28:11.257 INFO [restartedMain]o.s.w.s.m.method.annotation.RequestMappingHandlerMapping.register:547 -Mapped "{[/tyhmeleaf/hello],methods=[GET]}" onto public java.lang.String net.xdclass.demo.controller.ThymeleafController.index()
2019-01-23 15:28:11.257 INFO [restartedMain]o.s.w.s.m.method.annotation.RequestMappingHandlerMapping.register:547 -Mapped "{[/tyhmeleaf/info],methods=[GET]}" onto public java.lang.String net.xdclass.demo.controller.ThymeleafController.admin(org.springframework.ui.ModelMap)
2019-01-23 15:28:11.258 INFO [restartedMain]o.s.w.s.m.method.annotation.RequestMappingHandlerMapping.register:547 -Mapped "{[/api/v1/log],methods=[GET]}" onto public java.lang.Object net.xdclass.demo.log.logController.testLog()
2019-01-23 15:28:11.258 INFO [restartedMain]o.s.w.s.m.method.annotation.RequestMappingHandlerMapping.register:547 -Mapped "{[/sse/get_data],produces=[text/event-stream;charset=UTF-8]}" onto public java.lang.String net.xdclass.demo.sse.SSEController.push()
2019-01-23 15:28:11.259 INFO [restartedMain]o.s.w.s.m.method.annotation.RequestMappingHandlerMapping.register:547 -Mapped "{[/api/v1/async_task],methods=[GET]}" onto public net.xdclass.demo.task.domain.JsonData net.xdclass.demo.task.controller.taskController.exeTask() throws java.lang.InterruptedException
2019-01-23 15:28:11.263 INFO [restartedMain]o.s.w.s.m.method.annotation.RequestMappingHandlerMapping.register:547 -Mapped "{[/api/v1/user/list],methods=[GET],produces=[application/stream+json]}" onto public reactor.core.publisher.Flux<net.xdclass.demo.webflux.User> net.xdclass.demo.webflux.UserController.list()
2019-01-23 15:28:11.263 INFO [restartedMain]o.s.w.s.m.method.annotation.RequestMappingHandlerMapping.register:547 -Mapped "{[/api/v1/user/test],methods=[GET]}" onto public reactor.core.publisher.Mono<net.xdclass.demo.webflux.User> net.xdclass.demo.webflux.UserController.test()
2019-01-23 15:28:11.264 INFO [restartedMain]o.s.w.s.m.method.annotation.RequestMappingHandlerMapping.register:547 -Mapped "{[/api/v1/user/list2],methods=[GET],produces=[application/stream+json]}" onto public reactor.core.publisher.Flux<net.xdclass.demo.webflux.User> net.xdclass.demo.webflux.UserController.list2()
2019-01-23 15:28:11.264 INFO [restartedMain]o.s.w.s.m.method.annotation.RequestMappingHandlerMapping.register:547 -Mapped "{[/api/v1/user/find],methods=[GET]}" onto public reactor.core.publisher.Mono<net.xdclass.demo.webflux.User> net.xdclass.demo.webflux.UserController.findByid(java.lang.String)
2019-01-23 15:28:11.264 INFO [restartedMain]o.s.w.s.m.method.annotation.RequestMappingHandlerMapping.register:547 -Mapped "{[/api/v1/user/test2],methods=[GET]}" onto public reactor.core.publisher.Flux<net.xdclass.demo.webflux.User> net.xdclass.demo.webflux.UserController.test1()
2019-01-23 15:28:11.265 INFO [restartedMain]o.s.w.s.m.method.annotation.RequestMappingHandlerMapping.register:547 -Mapped "{[/api/v1/user/del],methods=[GET]}" onto public reactor.core.publisher.Mono<net.xdclass.demo.webflux.User> net.xdclass.demo.webflux.UserController.del(java.lang.String)
2019-01-23 15:28:11.267 INFO [restartedMain]o.s.w.s.m.method.annotation.RequestMappingHandlerMapping.register:547 -Mapped "{[/error]}" onto public org.springframework.http.ResponseEntity<java.util.Map<java.lang.String, java.lang.Object>> org.springframework.boot.autoconfigure.web.servlet.error.BasicErrorController.error(javax.servlet.http.HttpServletRequest)
2019-01-23 15:28:11.267 INFO [restartedMain]o.s.w.s.m.method.annotation.RequestMappingHandlerMapping.register:547 -Mapped "{[/error],produces=[text/html]}" onto public org.springframework.web.servlet.ModelAndView org.springframework.boot.autoconfigure.web.servlet.error.BasicErrorController.errorHtml(javax.servlet.http.HttpServletRequest,javax.servlet.http.HttpServletResponse)
2019-01-23 15:28:11.311 INFO [restartedMain]o.s.web.servlet.handler.SimpleUrlHandlerMapping.registerHandler:373 -Mapped URL path [/webjars/**] onto handler of type [class org.springframework.web.servlet.resource.ResourceHttpRequestHandler]
2019-01-23 15:28:11.311 INFO [restartedMain]o.s.web.servlet.handler.SimpleUrlHandlerMapping.registerHandler:373 -Mapped URL path [/**] onto handler of type [class org.springframework.web.servlet.resource.ResourceHttpRequestHandler]
2019-01-23 15:28:11.330 INFO [restartedMain]o.s.w.s.m.m.annotation.ExceptionHandlerExceptionResolver.initExceptionHandlerAdviceCache:288 -Detected @ExceptionHandler methods in customExtHandler
2019-01-23 15:28:11.437 WARN [restartedMain]org.thymeleaf.templatemode.TemplateMode.parse:150 -[THYMELEAF][restartedMain] Template Mode 'HTML5' is deprecated. Using Template Mode 'HTML' instead.
2019-01-23 15:28:11.498 INFO [restartedMain]o.s.b.a.web.servlet.WelcomePageHandlerMapping.<init>:56 -Adding welcome page: class path resource [static/index.html]
2019-01-23 15:28:11.796 INFO [restartedMain]o.s.web.servlet.view.freemarker.FreeMarkerConfigurer.postProcessTemplateLoaders:131 -ClassTemplateLoader for Spring macros added to FreeMarker configuration
2019-01-23 15:28:12.007 INFO [restartedMain]o.s.boot.devtools.autoconfigure.OptionalLiveReloadServer.startServer:57 -LiveReload server is running on port 35729
2019-01-23 15:28:12.059 INFO [restartedMain]o.s.jmx.export.annotation.AnnotationMBeanExporter.afterSingletonsInstantiated:433 -Registering beans for JMX exposure on startup
2019-01-23 15:28:12.082 INFO [restartedMain]org.apache.coyote.http11.Http11NioProtocol.log:180 -Starting ProtocolHandler ["http-nio-8080"]
2019-01-23 15:28:12.084 INFO [restartedMain]org.apache.tomcat.util.net.NioSelectorPool.log:180 -Using a shared selector for servlet write/read
2019-01-23 15:28:12.099 INFO [restartedMain]o.s.boot.web.embedded.tomcat.TomcatWebServer.start:206 -Tomcat started on port(s): 8080 (http) with context path ''
2019-01-23 15:28:12.103 INFO [restartedMain]net.xdclass.demo.XdclassApplication.logStarted:59 -Started XdclassApplication in 11.092 seconds (JVM running for 11.856)
2019-01-23 17:19:57.801 INFO [restartedMain]net.xdclass.demo.XdclassApplication.logStarting:50 -Starting XdclassApplication on DESKTOP-NEP9BK9 with PID 45216 (started by liguofen in E:\BaiduNetdiskDownload\笔记\SpringBoot资料\SpringBoot资料\第7章\第三课（课时30）\xdclass_springboot)
2019-01-23 17:19:57.803 INFO [restartedMain]net.xdclass.demo.XdclassApplication.logStartupProfileInfo:663 -The following profiles are active: test
2019-01-23 17:19:57.886 INFO [restartedMain]o.s.b.w.s.c.AnnotationConfigServletWebServerApplicationContext.prepareRefresh:590 -Refreshing org.springframework.boot.web.servlet.context.AnnotationConfigServletWebServerApplicationContext@451bae31: startup date [Wed Jan 23 17:19:57 CST 2019]; root of context hierarchy
2019-01-23 17:19:59.137 INFO [restartedMain]o.s.d.repository.config.RepositoryConfigurationDelegate.multipleStoresDetected:163 -Multiple Spring Data modules found, entering strict repository configuration mode!
2019-01-23 17:19:59.171 INFO [restartedMain]o.s.d.repository.config.RepositoryConfigurationDelegate.multipleStoresDetected:163 -Multiple Spring Data modules found, entering strict repository configuration mode!
2019-01-23 17:20:00.130 INFO [restartedMain]o.s.boot.web.embedded.tomcat.TomcatWebServer.initialize:91 -Tomcat initialized with port(s): 8080 (http)
2019-01-23 17:20:00.151 INFO [restartedMain]org.apache.coyote.http11.Http11NioProtocol.log:180 -Initializing ProtocolHandler ["http-nio-8080"]
2019-01-23 17:20:00.172 INFO [restartedMain]org.apache.catalina.core.StandardService.log:180 -Starting service [Tomcat]
2019-01-23 17:20:00.173 INFO [restartedMain]org.apache.catalina.core.StandardEngine.log:180 -Starting Servlet Engine: Apache Tomcat/8.5.29
2019-01-23 17:20:00.185 INFO [localhost-startStop-1]org.apache.catalina.core.AprLifecycleListener.log:180 -The APR based Apache Tomcat Native library which allows optimal performance in production environments was not found on the java.library.path: [C:\Program Files\Java\jdk1.8.0\bin;C:\WINDOWS\Sun\Java\bin;C:\WINDOWS\system32;C:\WINDOWS;C:/Program Files/Java/jdk1.8.0/bin/../jre/bin/server;C:/Program Files/Java/jdk1.8.0/bin/../jre/bin;C:/Program Files/Java/jdk1.8.0/bin/../jre/lib/amd64;C:\Program Files (x86)\Intel\iCLS Client\;C:\Program Files\Intel\iCLS Client\;C:\Windows\system32;C:\Windows;C:\Windows\System32\Wbem;C:\Windows\System32\WindowsPowerShell\v1.0\;C:\Program Files (x86)\NVIDIA Corporation\PhysX\Common;C:\Program Files (x86)\Intel\Intel(R) Management Engine Components\DAL;C:\Program Files\Intel\Intel(R) Management Engine Components\DAL;C:\Program Files (x86)\Intel\Intel(R) Management Engine Components\IPT;C:\Program Files\Intel\Intel(R) Management Engine Components\IPT;C:\Program Files\Intel\WiFi\bin\;C:\Program Files\Common Files\Intel\WirelessCommon\;C:\Program Files\Java\jdk1.8.0\bin\;C:\WINDOWS\system32;C:\WINDOWS;C:\WINDOWS\System32\Wbem;C:\WINDOWS\System32\WindowsPowerShell\v1.0\;D:\instantclient_10_2;C:\Program Files\TortoiseSVN\bin;C:\Program Files\Git\cmd;C:\WINDOWS\System32\OpenSSH\;C:\Go\bin;C:\Users\liguofen\AppData\Local\Microsoft\WindowsApps;;C:\Program Files (x86)\SSH Communications Security\SSH Secure Shell;C:\Program Files\Docker Toolbox;D:\eclipse\eclipse;;.]
2019-01-23 17:20:00.371 INFO [localhost-startStop-1]o.a.catalina.core.ContainerBase.[Tomcat].[localhost].[/].log:180 -Initializing Spring embedded WebApplicationContext
2019-01-23 17:20:00.371 INFO [localhost-startStop-1]org.springframework.web.context.ContextLoader.prepareWebApplicationContext:285 -Root WebApplicationContext: initialization completed in 2485 ms
2019-01-23 17:20:00.607 INFO [localhost-startStop-1]o.s.boot.web.servlet.ServletRegistrationBean.addRegistration:185 -Servlet dispatcherServlet mapped to [/]
2019-01-23 17:20:00.609 INFO [localhost-startStop-1]o.s.boot.web.servlet.ServletRegistrationBean.addRegistration:185 -Servlet userServlet mapped to [/v1/api/test/customs]
2019-01-23 17:20:00.620 INFO [localhost-startStop-1]o.s.boot.web.servlet.FilterRegistrationBean.configure:244 -Mapping filter: 'characterEncodingFilter' to: [/*]
2019-01-23 17:20:00.621 INFO [localhost-startStop-1]o.s.boot.web.servlet.FilterRegistrationBean.configure:244 -Mapping filter: 'hiddenHttpMethodFilter' to: [/*]
2019-01-23 17:20:00.622 INFO [localhost-startStop-1]o.s.boot.web.servlet.FilterRegistrationBean.configure:244 -Mapping filter: 'httpPutFormContentFilter' to: [/*]
2019-01-23 17:20:00.622 INFO [localhost-startStop-1]o.s.boot.web.servlet.FilterRegistrationBean.configure:244 -Mapping filter: 'requestContextFilter' to: [/*]
2019-01-23 17:20:07.102 INFO [restartedMain]o.s.web.servlet.handler.SimpleUrlHandlerMapping.registerHandler:373 -Mapped URL path [/**/favicon.ico] onto handler of type [class org.springframework.web.servlet.resource.ResourceHttpRequestHandler]
2019-01-23 17:20:07.290 INFO [restartedMain]o.s.w.s.m.method.annotation.RequestMappingHandlerAdapter.initControllerAdviceCache:574 -Looking for @ControllerAdvice: org.springframework.boot.web.servlet.context.AnnotationConfigServletWebServerApplicationContext@451bae31: startup date [Wed Jan 23 17:19:57 CST 2019]; root of context hierarchy
2019-01-23 17:20:07.377 INFO [restartedMain]o.s.w.s.m.method.annotation.RequestMappingHandlerMapping.register:547 -Mapped "{[/api/v1/order],methods=[GET]}" onto public java.lang.Object net.xdclass.demo.activemq.controller.OrderController.order(java.lang.String,java.lang.String) throws org.apache.rocketmq.client.exception.MQClientException,org.apache.rocketmq.remoting.exception.RemotingException,org.apache.rocketmq.client.exception.MQBrokerException,java.lang.InterruptedException,java.io.UnsupportedEncodingException
2019-01-23 17:20:07.378 INFO [restartedMain]o.s.w.s.m.method.annotation.RequestMappingHandlerMapping.register:547 -Mapped "{[/api/v1/test_ext]}" onto public java.lang.Object net.xdclass.demo.controller.ExcptionController.index()
2019-01-23 17:20:07.378 INFO [restartedMain]o.s.w.s.m.method.annotation.RequestMappingHandlerMapping.register:547 -Mapped "{[/api/v1/myext]}" onto public java.lang.Object net.xdclass.demo.controller.ExcptionController.myexc()
2019-01-23 17:20:07.379 INFO [restartedMain]o.s.w.s.m.method.annotation.RequestMappingHandlerMapping.register:547 -Mapped "{[/api/v1/gopage]}" onto public java.lang.Object net.xdclass.demo.controller.FileController.index()
2019-01-23 17:20:07.379 INFO [restartedMain]o.s.w.s.m.method.annotation.RequestMappingHandlerMapping.register:547 -Mapped "{[/upload]}" onto public net.xdclass.demo.domain.JsonData net.xdclass.demo.controller.FileController.upload(org.springframework.web.multipart.MultipartFile,javax.servlet.http.HttpServletRequest)
2019-01-23 17:20:07.380 INFO [restartedMain]o.s.w.s.m.method.annotation.RequestMappingHandlerMapping.register:547 -Mapped "{[/freemaker/hello],methods=[GET]}" onto public java.lang.String net.xdclass.demo.controller.FreemakerController.index(org.springframework.ui.ModelMap)
2019-01-23 17:20:07.382 INFO [restartedMain]o.s.w.s.m.method.annotation.RequestMappingHandlerMapping.register:547 -Mapped "{[/v1/get_header],methods=[GET]}" onto public java.lang.Object net.xdclass.demo.controller.GetController.getHeader(java.lang.String,java.lang.String)
2019-01-23 17:20:07.382 INFO [restartedMain]o.s.w.s.m.method.annotation.RequestMappingHandlerMapping.register:547 -Mapped "{[/api/v1/test_properties],methods=[GET]}" onto public java.lang.Object net.xdclass.demo.controller.GetController.testPeroperties()
2019-01-23 17:20:07.382 INFO [restartedMain]o.s.w.s.m.method.annotation.RequestMappingHandlerMapping.register:547 -Mapped "{[/v1/page_user2],methods=[GET]}" onto public java.lang.Object net.xdclass.demo.controller.GetController.pageUserV2(int,int)
2019-01-23 17:20:07.383 INFO [restartedMain]o.s.w.s.m.method.annotation.RequestMappingHandlerMapping.register:547 -Mapped "{[/v1/test_request],methods=[GET]}" onto public java.lang.Object net.xdclass.demo.controller.GetController.testRequest(javax.servlet.http.HttpServletRequest)
2019-01-23 17:20:07.383 INFO [restartedMain]o.s.w.s.m.method.annotation.RequestMappingHandlerMapping.register:547 -Mapped "{[/v1/page_user1],methods=[GET]}" onto public java.lang.Object net.xdclass.demo.controller.GetController.pageUser(int,int)
2019-01-23 17:20:07.383 INFO [restartedMain]o.s.w.s.m.method.annotation.RequestMappingHandlerMapping.register:547 -Mapped "{[/v1/save_user]}" onto public java.lang.Object net.xdclass.demo.controller.GetController.saveUser(net.xdclass.demo.domain.User)
2019-01-23 17:20:07.384 INFO [restartedMain]o.s.w.s.m.method.annotation.RequestMappingHandlerMapping.register:547 -Mapped "{[/api/v1/account],methods=[GET]}" onto public java.lang.Object net.xdclass.demo.controller.GetController.account()
2019-01-23 17:20:07.387 INFO [restartedMain]o.s.w.s.m.method.annotation.RequestMappingHandlerMapping.register:547 -Mapped "{[/v1/login],methods=[PUT]}" onto public java.lang.Object net.xdclass.demo.controller.OtherHttpController.put(java.lang.String)
2019-01-23 17:20:07.387 INFO [restartedMain]o.s.w.s.m.method.annotation.RequestMappingHandlerMapping.register:547 -Mapped "{[/v1/login],methods=[DELETE]}" onto public java.lang.Object net.xdclass.demo.controller.OtherHttpController.del(java.lang.String)
2019-01-23 17:20:07.388 INFO [restartedMain]o.s.w.s.m.method.annotation.RequestMappingHandlerMapping.register:547 -Mapped "{[/v1/login],methods=[POST]}" onto public java.lang.Object net.xdclass.demo.controller.OtherHttpController.login(java.lang.String,java.lang.String)
2019-01-23 17:20:07.389 INFO [restartedMain]o.s.w.s.m.method.annotation.RequestMappingHandlerMapping.register:547 -Mapped "{[/test]}" onto public java.util.Map<java.lang.String, java.lang.String> net.xdclass.demo.controller.SampleController.testMap()
2019-01-23 17:20:07.390 INFO [restartedMain]o.s.w.s.m.method.annotation.RequestMappingHandlerMapping.register:547 -Mapped "{[/testjson],methods=[GET]}" onto public java.lang.Object net.xdclass.demo.controller.SampleController.testjson()
2019-01-23 17:20:07.392 INFO [restartedMain]o.s.w.s.m.method.annotation.RequestMappingHandlerMapping.register:547 -Mapped "{[/tyhmeleaf/hello],methods=[GET]}" onto public java.lang.String net.xdclass.demo.controller.ThymeleafController.index()
2019-01-23 17:20:07.393 INFO [restartedMain]o.s.w.s.m.method.annotation.RequestMappingHandlerMapping.register:547 -Mapped "{[/tyhmeleaf/info],methods=[GET]}" onto public java.lang.String net.xdclass.demo.controller.ThymeleafController.admin(org.springframework.ui.ModelMap)
2019-01-23 17:20:07.394 INFO [restartedMain]o.s.w.s.m.method.annotation.RequestMappingHandlerMapping.register:547 -Mapped "{[/api/v1/log],methods=[GET]}" onto public java.lang.Object net.xdclass.demo.log.logController.testLog()
2019-01-23 17:20:07.396 INFO [restartedMain]o.s.w.s.m.method.annotation.RequestMappingHandlerMapping.register:547 -Mapped "{[/sse/get_data],produces=[text/event-stream;charset=UTF-8]}" onto public java.lang.String net.xdclass.demo.sse.SSEController.push()
2019-01-23 17:20:07.397 INFO [restartedMain]o.s.w.s.m.method.annotation.RequestMappingHandlerMapping.register:547 -Mapped "{[/api/v1/async_task],methods=[GET]}" onto public net.xdclass.demo.task.domain.JsonData net.xdclass.demo.task.controller.taskController.exeTask() throws java.lang.InterruptedException
2019-01-23 17:20:07.400 INFO [restartedMain]o.s.w.s.m.method.annotation.RequestMappingHandlerMapping.register:547 -Mapped "{[/api/v1/user/list],methods=[GET],produces=[application/stream+json]}" onto public reactor.core.publisher.Flux<net.xdclass.demo.webflux.User> net.xdclass.demo.webflux.UserController.list()
2019-01-23 17:20:07.401 INFO [restartedMain]o.s.w.s.m.method.annotation.RequestMappingHandlerMapping.register:547 -Mapped "{[/api/v1/user/test],methods=[GET]}" onto public reactor.core.publisher.Mono<net.xdclass.demo.webflux.User> net.xdclass.demo.webflux.UserController.test()
2019-01-23 17:20:07.401 INFO [restartedMain]o.s.w.s.m.method.annotation.RequestMappingHandlerMapping.register:547 -Mapped "{[/api/v1/user/del],methods=[GET]}" onto public reactor.core.publisher.Mono<net.xdclass.demo.webflux.User> net.xdclass.demo.webflux.UserController.del(java.lang.String)
2019-01-23 17:20:07.401 INFO [restartedMain]o.s.w.s.m.method.annotation.RequestMappingHandlerMapping.register:547 -Mapped "{[/api/v1/user/find],methods=[GET]}" onto public reactor.core.publisher.Mono<net.xdclass.demo.webflux.User> net.xdclass.demo.webflux.UserController.findByid(java.lang.String)
2019-01-23 17:20:07.402 INFO [restartedMain]o.s.w.s.m.method.annotation.RequestMappingHandlerMapping.register:547 -Mapped "{[/api/v1/user/list2],methods=[GET],produces=[application/stream+json]}" onto public reactor.core.publisher.Flux<net.xdclass.demo.webflux.User> net.xdclass.demo.webflux.UserController.list2()
2019-01-23 17:20:07.402 INFO [restartedMain]o.s.w.s.m.method.annotation.RequestMappingHandlerMapping.register:547 -Mapped "{[/api/v1/user/test2],methods=[GET]}" onto public reactor.core.publisher.Flux<net.xdclass.demo.webflux.User> net.xdclass.demo.webflux.UserController.test1()
2019-01-23 17:20:07.404 INFO [restartedMain]o.s.w.s.m.method.annotation.RequestMappingHandlerMapping.register:547 -Mapped "{[/error]}" onto public org.springframework.http.ResponseEntity<java.util.Map<java.lang.String, java.lang.Object>> org.springframework.boot.autoconfigure.web.servlet.error.BasicErrorController.error(javax.servlet.http.HttpServletRequest)
2019-01-23 17:20:07.405 INFO [restartedMain]o.s.w.s.m.method.annotation.RequestMappingHandlerMapping.register:547 -Mapped "{[/error],produces=[text/html]}" onto public org.springframework.web.servlet.ModelAndView org.springframework.boot.autoconfigure.web.servlet.error.BasicErrorController.errorHtml(javax.servlet.http.HttpServletRequest,javax.servlet.http.HttpServletResponse)
2019-01-23 17:20:07.480 INFO [restartedMain]o.s.web.servlet.handler.SimpleUrlHandlerMapping.registerHandler:373 -Mapped URL path [/webjars/**] onto handler of type [class org.springframework.web.servlet.resource.ResourceHttpRequestHandler]
2019-01-23 17:20:07.480 INFO [restartedMain]o.s.web.servlet.handler.SimpleUrlHandlerMapping.registerHandler:373 -Mapped URL path [/**] onto handler of type [class org.springframework.web.servlet.resource.ResourceHttpRequestHandler]
2019-01-23 17:20:07.510 INFO [restartedMain]o.s.w.s.m.m.annotation.ExceptionHandlerExceptionResolver.initExceptionHandlerAdviceCache:288 -Detected @ExceptionHandler methods in customExtHandler
2019-01-23 17:20:07.657 WARN [restartedMain]org.thymeleaf.templatemode.TemplateMode.parse:150 -[THYMELEAF][restartedMain] Template Mode 'HTML5' is deprecated. Using Template Mode 'HTML' instead.
2019-01-23 17:20:07.741 INFO [restartedMain]o.s.b.a.web.servlet.WelcomePageHandlerMapping.<init>:56 -Adding welcome page: class path resource [static/index.html]
2019-01-23 17:20:08.062 INFO [restartedMain]o.s.web.servlet.view.freemarker.FreeMarkerConfigurer.postProcessTemplateLoaders:131 -ClassTemplateLoader for Spring macros added to FreeMarker configuration
2019-01-23 17:20:08.301 INFO [restartedMain]o.s.boot.devtools.autoconfigure.OptionalLiveReloadServer.startServer:57 -LiveReload server is running on port 35729
2019-01-23 17:20:08.344 INFO [restartedMain]o.s.jmx.export.annotation.AnnotationMBeanExporter.afterSingletonsInstantiated:433 -Registering beans for JMX exposure on startup
2019-01-23 17:20:08.370 INFO [restartedMain]org.apache.coyote.http11.Http11NioProtocol.log:180 -Starting ProtocolHandler ["http-nio-8080"]
2019-01-23 17:20:08.373 INFO [restartedMain]org.apache.tomcat.util.net.NioSelectorPool.log:180 -Using a shared selector for servlet write/read
2019-01-23 17:20:08.392 INFO [restartedMain]o.s.boot.web.embedded.tomcat.TomcatWebServer.start:206 -Tomcat started on port(s): 8080 (http) with context path ''
2019-01-23 17:20:08.395 INFO [restartedMain]net.xdclass.demo.XdclassApplication.logStarted:59 -Started XdclassApplication in 11.084 seconds (JVM running for 11.801)
2019-01-23 17:20:24.984 INFO [http-nio-8080-exec-1]o.a.catalina.core.ContainerBase.[Tomcat].[localhost].[/].log:180 -Initializing Spring FrameworkServlet 'dispatcherServlet'
2019-01-23 17:20:24.985 INFO [http-nio-8080-exec-1]org.springframework.web.servlet.DispatcherServlet.initServletBean:494 -FrameworkServlet 'dispatcherServlet': initialization started
2019-01-23 17:20:25.034 INFO [http-nio-8080-exec-1]org.springframework.web.servlet.DispatcherServlet.initServletBean:509 -FrameworkServlet 'dispatcherServlet': initialization completed in 49 ms
2019-01-23 17:21:49.509 INFO [restartedMain]net.xdclass.demo.XdclassApplication.logStarting:50 -Starting XdclassApplication on DESKTOP-NEP9BK9 with PID 33552 (started by liguofen in E:\BaiduNetdiskDownload\笔记\SpringBoot资料\SpringBoot资料\第7章\第三课（课时30）\xdclass_springboot)
2019-01-23 17:21:49.511 INFO [restartedMain]net.xdclass.demo.XdclassApplication.logStartupProfileInfo:663 -The following profiles are active: test
2019-01-23 17:21:49.568 INFO [restartedMain]o.s.b.w.s.c.AnnotationConfigServletWebServerApplicationContext.prepareRefresh:590 -Refreshing org.springframework.boot.web.servlet.context.AnnotationConfigServletWebServerApplicationContext@8a81891: startup date [Wed Jan 23 17:21:49 CST 2019]; root of context hierarchy
2019-01-23 17:21:50.714 INFO [restartedMain]o.s.d.repository.config.RepositoryConfigurationDelegate.multipleStoresDetected:163 -Multiple Spring Data modules found, entering strict repository configuration mode!
2019-01-23 17:21:50.748 INFO [restartedMain]o.s.d.repository.config.RepositoryConfigurationDelegate.multipleStoresDetected:163 -Multiple Spring Data modules found, entering strict repository configuration mode!
2019-01-23 17:21:51.687 INFO [restartedMain]o.s.boot.web.embedded.tomcat.TomcatWebServer.initialize:91 -Tomcat initialized with port(s): 8080 (http)
2019-01-23 17:21:51.711 INFO [restartedMain]org.apache.coyote.http11.Http11NioProtocol.log:180 -Initializing ProtocolHandler ["http-nio-8080"]
2019-01-23 17:21:51.727 INFO [restartedMain]org.apache.catalina.core.StandardService.log:180 -Starting service [Tomcat]
2019-01-23 17:21:51.727 INFO [restartedMain]org.apache.catalina.core.StandardEngine.log:180 -Starting Servlet Engine: Apache Tomcat/8.5.29
2019-01-23 17:21:51.742 INFO [localhost-startStop-1]org.apache.catalina.core.AprLifecycleListener.log:180 -The APR based Apache Tomcat Native library which allows optimal performance in production environments was not found on the java.library.path: [C:\Program Files\Java\jdk1.8.0\bin;C:\WINDOWS\Sun\Java\bin;C:\WINDOWS\system32;C:\WINDOWS;C:/Program Files/Java/jdk1.8.0/bin/../jre/bin/server;C:/Program Files/Java/jdk1.8.0/bin/../jre/bin;C:/Program Files/Java/jdk1.8.0/bin/../jre/lib/amd64;C:\Program Files (x86)\Intel\iCLS Client\;C:\Program Files\Intel\iCLS Client\;C:\Windows\system32;C:\Windows;C:\Windows\System32\Wbem;C:\Windows\System32\WindowsPowerShell\v1.0\;C:\Program Files (x86)\NVIDIA Corporation\PhysX\Common;C:\Program Files (x86)\Intel\Intel(R) Management Engine Components\DAL;C:\Program Files\Intel\Intel(R) Management Engine Components\DAL;C:\Program Files (x86)\Intel\Intel(R) Management Engine Components\IPT;C:\Program Files\Intel\Intel(R) Management Engine Components\IPT;C:\Program Files\Intel\WiFi\bin\;C:\Program Files\Common Files\Intel\WirelessCommon\;C:\Program Files\Java\jdk1.8.0\bin\;C:\WINDOWS\system32;C:\WINDOWS;C:\WINDOWS\System32\Wbem;C:\WINDOWS\System32\WindowsPowerShell\v1.0\;D:\instantclient_10_2;C:\Program Files\TortoiseSVN\bin;C:\Program Files\Git\cmd;C:\WINDOWS\System32\OpenSSH\;C:\Go\bin;C:\Users\liguofen\AppData\Local\Microsoft\WindowsApps;;C:\Program Files (x86)\SSH Communications Security\SSH Secure Shell;C:\Program Files\Docker Toolbox;D:\eclipse\eclipse;;.]
2019-01-23 17:21:51.948 INFO [localhost-startStop-1]o.a.catalina.core.ContainerBase.[Tomcat].[localhost].[/].log:180 -Initializing Spring embedded WebApplicationContext
2019-01-23 17:21:51.948 INFO [localhost-startStop-1]org.springframework.web.context.ContextLoader.prepareWebApplicationContext:285 -Root WebApplicationContext: initialization completed in 2380 ms
2019-01-23 17:21:52.182 INFO [localhost-startStop-1]o.s.boot.web.servlet.ServletRegistrationBean.addRegistration:185 -Servlet dispatcherServlet mapped to [/]
2019-01-23 17:21:52.184 INFO [localhost-startStop-1]o.s.boot.web.servlet.ServletRegistrationBean.addRegistration:185 -Servlet userServlet mapped to [/v1/api/test/customs]
2019-01-23 17:21:52.188 INFO [localhost-startStop-1]o.s.boot.web.servlet.FilterRegistrationBean.configure:244 -Mapping filter: 'characterEncodingFilter' to: [/*]
2019-01-23 17:21:52.189 INFO [localhost-startStop-1]o.s.boot.web.servlet.FilterRegistrationBean.configure:244 -Mapping filter: 'hiddenHttpMethodFilter' to: [/*]
2019-01-23 17:21:52.189 INFO [localhost-startStop-1]o.s.boot.web.servlet.FilterRegistrationBean.configure:244 -Mapping filter: 'httpPutFormContentFilter' to: [/*]
2019-01-23 17:21:52.189 INFO [localhost-startStop-1]o.s.boot.web.servlet.FilterRegistrationBean.configure:244 -Mapping filter: 'requestContextFilter' to: [/*]
2019-01-23 17:21:58.613 INFO [restartedMain]o.s.web.servlet.handler.SimpleUrlHandlerMapping.registerHandler:373 -Mapped URL path [/**/favicon.ico] onto handler of type [class org.springframework.web.servlet.resource.ResourceHttpRequestHandler]
2019-01-23 17:21:58.811 INFO [restartedMain]o.s.w.s.m.method.annotation.RequestMappingHandlerAdapter.initControllerAdviceCache:574 -Looking for @ControllerAdvice: org.springframework.boot.web.servlet.context.AnnotationConfigServletWebServerApplicationContext@8a81891: startup date [Wed Jan 23 17:21:49 CST 2019]; root of context hierarchy
2019-01-23 17:21:58.894 INFO [restartedMain]o.s.w.s.m.method.annotation.RequestMappingHandlerMapping.register:547 -Mapped "{[/api/v1/order],methods=[GET]}" onto public java.lang.Object net.xdclass.demo.activemq.controller.OrderController.order(java.lang.String,java.lang.String) throws org.apache.rocketmq.client.exception.MQClientException,org.apache.rocketmq.remoting.exception.RemotingException,org.apache.rocketmq.client.exception.MQBrokerException,java.lang.InterruptedException,java.io.UnsupportedEncodingException
2019-01-23 17:21:58.895 INFO [restartedMain]o.s.w.s.m.method.annotation.RequestMappingHandlerMapping.register:547 -Mapped "{[/api/v1/test_ext]}" onto public java.lang.Object net.xdclass.demo.controller.ExcptionController.index()
2019-01-23 17:21:58.896 INFO [restartedMain]o.s.w.s.m.method.annotation.RequestMappingHandlerMapping.register:547 -Mapped "{[/api/v1/myext]}" onto public java.lang.Object net.xdclass.demo.controller.ExcptionController.myexc()
2019-01-23 17:21:58.897 INFO [restartedMain]o.s.w.s.m.method.annotation.RequestMappingHandlerMapping.register:547 -Mapped "{[/api/v1/gopage]}" onto public java.lang.Object net.xdclass.demo.controller.FileController.index()
2019-01-23 17:21:58.897 INFO [restartedMain]o.s.w.s.m.method.annotation.RequestMappingHandlerMapping.register:547 -Mapped "{[/upload]}" onto public net.xdclass.demo.domain.JsonData net.xdclass.demo.controller.FileController.upload(org.springframework.web.multipart.MultipartFile,javax.servlet.http.HttpServletRequest)
2019-01-23 17:21:58.898 INFO [restartedMain]o.s.w.s.m.method.annotation.RequestMappingHandlerMapping.register:547 -Mapped "{[/freemaker/hello],methods=[GET]}" onto public java.lang.String net.xdclass.demo.controller.FreemakerController.index(org.springframework.ui.ModelMap)
2019-01-23 17:21:58.899 INFO [restartedMain]o.s.w.s.m.method.annotation.RequestMappingHandlerMapping.register:547 -Mapped "{[/v1/get_header],methods=[GET]}" onto public java.lang.Object net.xdclass.demo.controller.GetController.getHeader(java.lang.String,java.lang.String)
2019-01-23 17:21:58.900 INFO [restartedMain]o.s.w.s.m.method.annotation.RequestMappingHandlerMapping.register:547 -Mapped "{[/v1/page_user2],methods=[GET]}" onto public java.lang.Object net.xdclass.demo.controller.GetController.pageUserV2(int,int)
2019-01-23 17:21:58.900 INFO [restartedMain]o.s.w.s.m.method.annotation.RequestMappingHandlerMapping.register:547 -Mapped "{[/v1/save_user]}" onto public java.lang.Object net.xdclass.demo.controller.GetController.saveUser(net.xdclass.demo.domain.User)
2019-01-23 17:21:58.900 INFO [restartedMain]o.s.w.s.m.method.annotation.RequestMappingHandlerMapping.register:547 -Mapped "{[/v1/page_user1],methods=[GET]}" onto public java.lang.Object net.xdclass.demo.controller.GetController.pageUser(int,int)
2019-01-23 17:21:58.901 INFO [restartedMain]o.s.w.s.m.method.annotation.RequestMappingHandlerMapping.register:547 -Mapped "{[/v1/test_request],methods=[GET]}" onto public java.lang.Object net.xdclass.demo.controller.GetController.testRequest(javax.servlet.http.HttpServletRequest)
2019-01-23 17:21:58.901 INFO [restartedMain]o.s.w.s.m.method.annotation.RequestMappingHandlerMapping.register:547 -Mapped "{[/api/v1/test_properties],methods=[GET]}" onto public java.lang.Object net.xdclass.demo.controller.GetController.testPeroperties()
2019-01-23 17:21:58.901 INFO [restartedMain]o.s.w.s.m.method.annotation.RequestMappingHandlerMapping.register:547 -Mapped "{[/api/v1/account],methods=[GET]}" onto public java.lang.Object net.xdclass.demo.controller.GetController.account()
2019-01-23 17:21:58.905 INFO [restartedMain]o.s.w.s.m.method.annotation.RequestMappingHandlerMapping.register:547 -Mapped "{[/v1/login],methods=[PUT]}" onto public java.lang.Object net.xdclass.demo.controller.OtherHttpController.put(java.lang.String)
2019-01-23 17:21:58.905 INFO [restartedMain]o.s.w.s.m.method.annotation.RequestMappingHandlerMapping.register:547 -Mapped "{[/v1/login],methods=[DELETE]}" onto public java.lang.Object net.xdclass.demo.controller.OtherHttpController.del(java.lang.String)
2019-01-23 17:21:58.905 INFO [restartedMain]o.s.w.s.m.method.annotation.RequestMappingHandlerMapping.register:547 -Mapped "{[/v1/login],methods=[POST]}" onto public java.lang.Object net.xdclass.demo.controller.OtherHttpController.login(java.lang.String,java.lang.String)
2019-01-23 17:21:58.906 INFO [restartedMain]o.s.w.s.m.method.annotation.RequestMappingHandlerMapping.register:547 -Mapped "{[/test]}" onto public java.util.Map<java.lang.String, java.lang.String> net.xdclass.demo.controller.SampleController.testMap()
2019-01-23 17:21:58.906 INFO [restartedMain]o.s.w.s.m.method.annotation.RequestMappingHandlerMapping.register:547 -Mapped "{[/testjson],methods=[GET]}" onto public java.lang.Object net.xdclass.demo.controller.SampleController.testjson()
2019-01-23 17:21:58.907 INFO [restartedMain]o.s.w.s.m.method.annotation.RequestMappingHandlerMapping.register:547 -Mapped "{[/tyhmeleaf/hello],methods=[GET]}" onto public java.lang.String net.xdclass.demo.controller.ThymeleafController.index()
2019-01-23 17:21:58.907 INFO [restartedMain]o.s.w.s.m.method.annotation.RequestMappingHandlerMapping.register:547 -Mapped "{[/tyhmeleaf/info],methods=[GET]}" onto public java.lang.String net.xdclass.demo.controller.ThymeleafController.admin(org.springframework.ui.ModelMap)
2019-01-23 17:21:58.908 INFO [restartedMain]o.s.w.s.m.method.annotation.RequestMappingHandlerMapping.register:547 -Mapped "{[/api/v1/log],methods=[GET]}" onto public java.lang.Object net.xdclass.demo.log.logController.testLog()
2019-01-23 17:21:58.909 INFO [restartedMain]o.s.w.s.m.method.annotation.RequestMappingHandlerMapping.register:547 -Mapped "{[/sse/get_data],produces=[text/event-stream;charset=UTF-8]}" onto public java.lang.String net.xdclass.demo.sse.SSEController.push()
2019-01-23 17:21:58.910 INFO [restartedMain]o.s.w.s.m.method.annotation.RequestMappingHandlerMapping.register:547 -Mapped "{[/api/v1/async_task],methods=[GET]}" onto public net.xdclass.demo.task.domain.JsonData net.xdclass.demo.task.controller.taskController.exeTask() throws java.lang.InterruptedException
2019-01-23 17:21:58.914 INFO [restartedMain]o.s.w.s.m.method.annotation.RequestMappingHandlerMapping.register:547 -Mapped "{[/api/v1/user/list],methods=[GET],produces=[application/stream+json]}" onto public reactor.core.publisher.Flux<net.xdclass.demo.webflux.User> net.xdclass.demo.webflux.UserController.list()
2019-01-23 17:21:58.915 INFO [restartedMain]o.s.w.s.m.method.annotation.RequestMappingHandlerMapping.register:547 -Mapped "{[/api/v1/user/test],methods=[GET]}" onto public reactor.core.publisher.Mono<net.xdclass.demo.webflux.User> net.xdclass.demo.webflux.UserController.test()
2019-01-23 17:21:58.916 INFO [restartedMain]o.s.w.s.m.method.annotation.RequestMappingHandlerMapping.register:547 -Mapped "{[/api/v1/user/del],methods=[GET]}" onto public reactor.core.publisher.Mono<net.xdclass.demo.webflux.User> net.xdclass.demo.webflux.UserController.del(java.lang.String)
2019-01-23 17:21:58.916 INFO [restartedMain]o.s.w.s.m.method.annotation.RequestMappingHandlerMapping.register:547 -Mapped "{[/api/v1/user/list2],methods=[GET],produces=[application/stream+json]}" onto public reactor.core.publisher.Flux<net.xdclass.demo.webflux.User> net.xdclass.demo.webflux.UserController.list2()
2019-01-23 17:21:58.916 INFO [restartedMain]o.s.w.s.m.method.annotation.RequestMappingHandlerMapping.register:547 -Mapped "{[/api/v1/user/find],methods=[GET]}" onto public reactor.core.publisher.Mono<net.xdclass.demo.webflux.User> net.xdclass.demo.webflux.UserController.findByid(java.lang.String)
2019-01-23 17:21:58.916 INFO [restartedMain]o.s.w.s.m.method.annotation.RequestMappingHandlerMapping.register:547 -Mapped "{[/api/v1/user/test2],methods=[GET]}" onto public reactor.core.publisher.Flux<net.xdclass.demo.webflux.User> net.xdclass.demo.webflux.UserController.test1()
2019-01-23 17:21:58.919 INFO [restartedMain]o.s.w.s.m.method.annotation.RequestMappingHandlerMapping.register:547 -Mapped "{[/error]}" onto public org.springframework.http.ResponseEntity<java.util.Map<java.lang.String, java.lang.Object>> org.springframework.boot.autoconfigure.web.servlet.error.BasicErrorController.error(javax.servlet.http.HttpServletRequest)
2019-01-23 17:21:58.919 INFO [restartedMain]o.s.w.s.m.method.annotation.RequestMappingHandlerMapping.register:547 -Mapped "{[/error],produces=[text/html]}" onto public org.springframework.web.servlet.ModelAndView org.springframework.boot.autoconfigure.web.servlet.error.BasicErrorController.errorHtml(javax.servlet.http.HttpServletRequest,javax.servlet.http.HttpServletResponse)
2019-01-23 17:21:58.968 INFO [restartedMain]o.s.web.servlet.handler.SimpleUrlHandlerMapping.registerHandler:373 -Mapped URL path [/webjars/**] onto handler of type [class org.springframework.web.servlet.resource.ResourceHttpRequestHandler]
2019-01-23 17:21:58.969 INFO [restartedMain]o.s.web.servlet.handler.SimpleUrlHandlerMapping.registerHandler:373 -Mapped URL path [/**] onto handler of type [class org.springframework.web.servlet.resource.ResourceHttpRequestHandler]
2019-01-23 17:21:58.986 INFO [restartedMain]o.s.w.s.m.m.annotation.ExceptionHandlerExceptionResolver.initExceptionHandlerAdviceCache:288 -Detected @ExceptionHandler methods in customExtHandler
2019-01-23 17:21:59.086 WARN [restartedMain]org.thymeleaf.templatemode.TemplateMode.parse:150 -[THYMELEAF][restartedMain] Template Mode 'HTML5' is deprecated. Using Template Mode 'HTML' instead.
2019-01-23 17:21:59.163 INFO [restartedMain]o.s.b.a.web.servlet.WelcomePageHandlerMapping.<init>:56 -Adding welcome page: class path resource [static/index.html]
2019-01-23 17:21:59.445 INFO [restartedMain]o.s.web.servlet.view.freemarker.FreeMarkerConfigurer.postProcessTemplateLoaders:131 -ClassTemplateLoader for Spring macros added to FreeMarker configuration
2019-01-23 17:21:59.659 INFO [restartedMain]o.s.boot.devtools.autoconfigure.OptionalLiveReloadServer.startServer:57 -LiveReload server is running on port 35729
2019-01-23 17:21:59.697 INFO [restartedMain]o.s.jmx.export.annotation.AnnotationMBeanExporter.afterSingletonsInstantiated:433 -Registering beans for JMX exposure on startup
2019-01-23 17:21:59.722 INFO [restartedMain]org.apache.coyote.http11.Http11NioProtocol.log:180 -Starting ProtocolHandler ["http-nio-8080"]
2019-01-23 17:21:59.723 INFO [restartedMain]org.apache.tomcat.util.net.NioSelectorPool.log:180 -Using a shared selector for servlet write/read
2019-01-23 17:21:59.740 INFO [restartedMain]o.s.boot.web.embedded.tomcat.TomcatWebServer.start:206 -Tomcat started on port(s): 8080 (http) with context path ''
2019-01-23 17:21:59.743 INFO [restartedMain]net.xdclass.demo.XdclassApplication.logStarted:59 -Started XdclassApplication in 10.684 seconds (JVM running for 11.367)
2019-01-23 17:22:00.466 INFO [http-nio-8080-exec-1]o.a.catalina.core.ContainerBase.[Tomcat].[localhost].[/].log:180 -Initializing Spring FrameworkServlet 'dispatcherServlet'
2019-01-23 17:22:00.467 INFO [http-nio-8080-exec-1]org.springframework.web.servlet.DispatcherServlet.initServletBean:494 -FrameworkServlet 'dispatcherServlet': initialization started
2019-01-23 17:22:00.501 INFO [http-nio-8080-exec-1]org.springframework.web.servlet.DispatcherServlet.initServletBean:509 -FrameworkServlet 'dispatcherServlet': initialization completed in 34 ms
